Info: Nothing to build for ejercicio_3-7
Info: Nothing to build for ejercicio_3-7
Info: Nothing to build for ejercicio_3-7
11:56:18 **** Incremental Build of configuration Debug for project ejercicio_3-4 ****
Info: Internal Builder is used for build
gcc -O0 -g3 -Wall -c -fmessage-length=0 -o "src\\ejercicio_3-4.o" "..\\src\\ejercicio_3-4.c" 
..\src\ejercicio_3-4.c: In function 'main':
..\src\ejercicio_3-4.c:39:36: warning: format '%f' expects argument of type 'double', but argument 2 has type 'int' [-Wformat=]
   39 |  printf("El numero flotante es: %.2f", numeroFlotante);
      |                                 ~~~^   ~~~~~~~~~~~~~~
      |                                    |   |
      |                                    |   int
      |                                    double
      |                                 %.2d
gcc -o ejercicio_3-4.exe "src\\ejercicio_3-4.o" 
11:56:35 **** Incremental Build of configuration Debug for project ejercicio_3-4 ****
Info: Internal Builder is used for build
gcc -O0 -g3 -Wall -c -fmessage-length=0 -o "src\\ejercicio_3-4.o" "..\\src\\ejercicio_3-4.c" 
gcc -o ejercicio_3-4.exe "src\\ejercicio_3-4.o" 
11:59:38 **** Incremental Build of configuration Debug for project ejercicio_3-4 ****
Info: Internal Builder is used for build
gcc -O0 -g3 -Wall -c -fmessage-length=0 -o "src\\ejercicio_3-4.o" "..\\src\\ejercicio_3-4.c" 
gcc -o ejercicio_3-4.exe "src\\ejercicio_3-4.o" 
12:00:30 **** Incremental Build of configuration Debug for project ejercicio_3-4 ****
Info: Internal Builder is used for build
gcc -O0 -g3 -Wall -c -fmessage-length=0 -o "src\\ejercicio_3-4.o" "..\\src\\ejercicio_3-4.c" 
gcc -o ejercicio_3-4.exe "src\\ejercicio_3-4.o" 
